[INFO ] 2024-01-09 17:46:00.519 [main] Bot - Test message
[ERROR] 2024-01-09 17:46:00.530 [main] Bot - Error message
[ERROR] 2024-01-09 18:05:03.794 [MyTestSlave_bot Telegram Executor] Bot - 6774167360saidasdadas
[ERROR] 2024-01-09 18:05:16.412 [MyTestSlave_bot Telegram Executor] Bot - 6774167360saidasdsdad
[ERROR] 2024-01-09 18:05:19.269 [MyTestSlave_bot Telegram Executor] Bot - 6774167360saidasdasda
[ERROR] 2024-01-09 18:06:55.550 [MyTestSlave_bot Telegram Executor] Bot - 6774167360 saidASDSADASD
[ERROR] 2024-01-09 18:07:14.701 [MyTestSlave_bot Telegram Executor] Bot - 6774167360 saidsasdsadas
[ERROR] 2024-01-09 18:09:22.326 [MyTestSlave_bot Telegram Executor] Bot - Id: 6774167360L said :asdasdasdasd
[ERROR] 2024-01-09 18:09:25.502 [MyTestSlave_bot Telegram Executor] Bot - Id: 6774167360L said :aadsadasdasd
[INFO ] 2024-01-09 18:11:51.098 [MyTestSlave_bot Telegram Executor] Bot - Id: 6774167360L said :hello my boy
[INFO ] 2024-01-09 18:12:45.975 [MyTestSlave_bot Telegram Executor] Bot - Id: 6774167360L said : 🦓
[INFO ] 2024-01-09 18:13:06.773 [MyTestSlave_bot Telegram Executor] Bot - Id: 6774167360L said : 🤓
[INFO ] 2024-01-09 18:46:16.289 [MyTestSlave_bot Telegram Executor] Bot - Id: 6774167360L said : SSDA
[INFO ] 2024-01-09 18:55:21.252 [MyTestSlave_bot Telegram Executor] Bot - Id: 6774167360L said : jxjhgfh
[INFO ] 2024-01-09 18:59:00.384 [MyTestSlave_bot Telegram Executor] Bot - Id: 6774167360L said : sdfdsf
[INFO ] 2024-01-09 19:14:58.664 [MyTestSlave_bot Telegram Executor] Bot - Id: 6774167360L said : sasda
[INFO ] 2024-01-09 19:15:51.751 [MyTestSlave_bot Telegram Executor] Bot - Id: 6774167360L said : asdasd
[INFO ] 2024-01-09 19:16:39.222 [MyTestSlave_bot Telegram Executor] Bot - Id: 6774167360L said : Hello
[INFO ] 2024-01-09 19:29:10.227 [MyTestSlave_bot Telegram Executor] Bot - Id: 6774167360L said : фва
[INFO ] 2024-01-09 19:29:15.595 [MyTestSlave_bot Telegram Executor] Bot - Id: 6774167360L said : say wha?
